<?xml version="1.0" encoding="UTF-8"?>
<testng-results ignored="0" total="1" passed="1" failed="0" skipped="0">
  <reporter-output>
  </reporter-output>
  <suite started-at="2022-02-16T19:47:58 IST" name="Default suite" finished-at="2022-02-16T19:47:58 IST" duration-ms="42">
    <groups>
    </groups>
    <test started-at="2022-02-16T19:47:58 IST" name="Default test" finished-at="2022-02-16T19:47:58 IST" duration-ms="42">
      <class name="test.Testmethod">
        <test-method signature="getuser()[pri:0, instance:test.Testmethod@3514a4c0]" started-at="2022-02-16T19:47:58 IST" name="getuser" finished-at="2022-02-16T19:47:58 IST" duration-ms="6" status="PASS">
          <reporter-output>
          </reporter-output>
        </test-method> <!-- getuser -->
      </class> <!-- test.Testmethod -->
    </test> <!-- Default test -->
  </suite> <!-- Default suite -->
</testng-results>
